  [1m[35m (100.0ms)[0m  [1m[35mCREATE TABLE "schema_migrations" ("version" varchar NOT NULL PRIMARY KEY)[0m
  [1m[35m (90.0ms)[0m  [1m[35mCREATE TABLE "ar_internal_metadata" ("key" varchar NOT NULL PRIMARY KEY, "value" varchar, "created_at" datetime NOT NULL, "updated_at" datetime NOT NULL)[0m
  [1m[36mActiveRecord::SchemaMigration Load (0.2ms)[0m  [1m[34mSELECT "schema_migrations".* FROM "schema_migrations"[0m
Migrating to CreateMoviesEtAl (20180405025210)
  [1m[35m (0.1ms)[0m  [1m[36mbegin transaction[0m
  [1m[35m (0.6ms)[0m  [1m[35mCREATE TABLE "categories" ("id" INTEGER PRIMARY KEY AUTOINCREMENT NOT NULL, "tipo" varchar, "descrição" varchar, "premiação" varchar, "release_date" datetime, "created_at" datetime NOT NULL, "updated_at" datetime NOT NULL)[0m
  [1m[35m (0.3ms)[0m  [1m[35mCREATE TABLE "movies" ("id" INTEGER PRIMARY KEY AUTOINCREMENT NOT NULL, "title" varchar, "rating" varchar, "description" text, "release_date" datetime, "created_at" datetime NOT NULL, "updated_at" datetime NOT NULL)[0m
  [1m[35mSQL (0.2ms)[0m  [1m[32mINSERT INTO "schema_migrations" ("version") VALUES (?)[0m  [["version", "20180405025210"]]
  [1m[35m (75.7ms)[0m  [1m[36mcommit transaction[0m
  [1m[36mActiveRecord::InternalMetadata Load (0.3ms)[0m  [1m[34mSELECT  "ar_internal_metadata".* FROM "ar_internal_metadata" WHERE "ar_internal_metadata"."key" = ? LIMIT ?[0m  [["key", "environment"], ["LIMIT", 1]]
  [1m[35m (0.1ms)[0m  [1m[36mbegin transaction[0m
  [1m[35mSQL (0.3ms)[0m  [1m[32mINSERT INTO "ar_internal_metadata" ("key", "value", "created_at", "updated_at") VALUES (?, ?, ?, ?)[0m  [["key", "environment"], ["value", "development"], ["created_at", "2018-09-13 01:46:53.952378"], ["updated_at", "2018-09-13 01:46:53.952378"]]
  [1m[35m (77.0ms)[0m  [1m[36mcommit transaction[0m
  [1m[36mActiveRecord::SchemaMigration Load (0.2ms)[0m  [1m[34mSELECT "schema_migrations".* FROM "schema_migrations"[0m
  [1m[36mActiveRecord::SchemaMigration Load (0.2ms)[0m  [1m[34mSELECT "schema_migrations".* FROM "schema_migrations"[0m
  [1m[35m (0.1ms)[0m  [1m[36mbegin transaction[0m
  [1m[35mSQL (1.1ms)[0m  [1m[32mINSERT INTO "movies" ("title", "rating", "release_date", "created_at", "updated_at") VALUES (?, ?, ?, ?, ?)[0m  [["title", "Aladdin"], ["rating", "G"], ["release_date", "1992-11-25 00:00:00"], ["created_at", "2018-09-13 01:47:10.318004"], ["updated_at", "2018-09-13 01:47:10.318004"]]
  [1m[35m (85.0ms)[0m  [1m[36mcommit transaction[0m
  [1m[35m (0.1ms)[0m  [1m[36mbegin transaction[0m
  [1m[35mSQL (0.3ms)[0m  [1m[32mINSERT INTO "movies" ("title", "rating", "release_date", "created_at", "updated_at") VALUES (?, ?, ?, ?, ?)[0m  [["title", "The Terminator"], ["rating", "R"], ["release_date", "1984-10-26 00:00:00"], ["created_at", "2018-09-13 01:47:10.406484"], ["updated_at", "2018-09-13 01:47:10.406484"]]
  [1m[35m (55.2ms)[0m  [1m[36mcommit transaction[0m
  [1m[35m (0.1ms)[0m  [1m[36mbegin transaction[0m
  [1m[35mSQL (0.3ms)[0m  [1m[32mINSERT INTO "movies" ("title", "rating", "release_date", "created_at", "updated_at") VALUES (?, ?, ?, ?, ?)[0m  [["title", "When Harry Met Sally"], ["rating", "R"], ["release_date", "1989-07-21 00:00:00"], ["created_at", "2018-09-13 01:47:10.464215"], ["updated_at", "2018-09-13 01:47:10.464215"]]
  [1m[35m (50.9ms)[0m  [1m[36mcommit transaction[0m
  [1m[35m (0.1ms)[0m  [1m[36mbegin transaction[0m
  [1m[35mSQL (0.4ms)[0m  [1m[32mINSERT INTO "movies" ("title", "rating", "release_date", "created_at", "updated_at") VALUES (?, ?, ?, ?, ?)[0m  [["title", "The Help"], ["rating", "PG-13"], ["release_date", "2011-08-10 00:00:00"], ["created_at", "2018-09-13 01:47:10.517664"], ["updated_at", "2018-09-13 01:47:10.517664"]]
  [1m[35m (52.3ms)[0m  [1m[36mcommit transaction[0m
  [1m[35m (0.1ms)[0m  [1m[36mbegin transaction[0m
  [1m[35mSQL (0.3ms)[0m  [1m[32mINSERT INTO "movies" ("title", "rating", "release_date", "created_at", "updated_at") VALUES (?, ?, ?, ?, ?)[0m  [["title", "Chocolat"], ["rating", "PG-13"], ["release_date", "2001-01-05 00:00:00"], ["created_at", "2018-09-13 01:47:10.575775"], ["updated_at", "2018-09-13 01:47:10.575775"]]
  [1m[35m (48.5ms)[0m  [1m[36mcommit transaction[0m
  [1m[35m (0.2ms)[0m  [1m[36mbegin transaction[0m
  [1m[35mSQL (1.0ms)[0m  [1m[32mINSERT INTO "movies" ("title", "rating", "release_date", "created_at", "updated_at") VALUES (?, ?, ?, ?, ?)[0m  [["title", "Amelie"], ["rating", "R"], ["release_date", "2001-04-25 00:00:00"], ["created_at", "2018-09-13 01:47:10.630221"], ["updated_at", "2018-09-13 01:47:10.630221"]]
  [1m[35m (71.0ms)[0m  [1m[36mcommit transaction[0m
  [1m[35m (0.1ms)[0m  [1m[36mbegin transaction[0m
  [1m[35mSQL (0.3ms)[0m  [1m[32mINSERT INTO "movies" ("title", "rating", "release_date", "created_at", "updated_at") VALUES (?, ?, ?, ?, ?)[0m  [["title", "2001: A Space Odyssey"], ["rating", "G"], ["release_date", "1968-04-06 00:00:00"], ["created_at", "2018-09-13 01:47:10.707667"], ["updated_at", "2018-09-13 01:47:10.707667"]]
  [1m[35m (62.1ms)[0m  [1m[36mcommit transaction[0m
  [1m[35m (0.1ms)[0m  [1m[36mbegin transaction[0m
  [1m[35mSQL (0.6ms)[0m  [1m[32mINSERT INTO "movies" ("title", "rating", "release_date", "created_at", "updated_at") VALUES (?, ?, ?, ?, ?)[0m  [["title", "The Incredibles"], ["rating", "PG"], ["release_date", "2004-11-05 00:00:00"], ["created_at", "2018-09-13 01:47:10.774046"], ["updated_at", "2018-09-13 01:47:10.774046"]]
  [1m[35m (52.0ms)[0m  [1m[36mcommit transaction[0m
  [1m[35m (0.1ms)[0m  [1m[36mbegin transaction[0m
  [1m[35mSQL (0.3ms)[0m  [1m[32mINSERT INTO "movies" ("title", "rating", "release_date", "created_at", "updated_at") VALUES (?, ?, ?, ?, ?)[0m  [["title", "Raiders of the Lost Ark"], ["rating", "PG"], ["release_date", "1981-06-12 00:00:00"], ["created_at", "2018-09-13 01:47:10.829744"], ["updated_at", "2018-09-13 01:47:10.829744"]]
  [1m[35m (73.5ms)[0m  [1m[36mcommit transaction[0m
  [1m[35m (0.1ms)[0m  [1m[36mbegin transaction[0m
  [1m[35mSQL (0.4ms)[0m  [1m[32mINSERT INTO "movies" ("title", "rating", "release_date", "created_at", "updated_at") VALUES (?, ?, ?, ?, ?)[0m  [["title", "Chicken Run"], ["rating", "G"], ["release_date", "2000-06-21 00:00:00"], ["created_at", "2018-09-13 01:47:10.906550"], ["updated_at", "2018-09-13 01:47:10.906550"]]
  [1m[35m (52.1ms)[0m  [1m[36mcommit transaction[0m
  [1m[35m (0.1ms)[0m  [1m[36mbegin transaction[0m
  [1m[35mSQL (0.4ms)[0m  [1m[32mINSERT INTO "categories" ("tipo", "descrição", "premiação", "release_date", "created_at", "updated_at") VALUES (?, ?, ?, ?, ?, ?)[0m  [["tipo", "Infantil"], ["descrição", "Filme para crianças"], ["premiação", "Oscar 2017"], ["release_date", "1992-11-25 00:00:00"], ["created_at", "2018-09-13 01:47:10.976378"], ["updated_at", "2018-09-13 01:47:10.976378"]]
  [1m[35m (59.9ms)[0m  [1m[36mcommit transaction[0m
  [1m[35m (0.1ms)[0m  [1m[36mbegin transaction[0m
  [1m[35mSQL (0.3ms)[0m  [1m[32mINSERT INTO "categories" ("tipo", "descrição", "premiação", "release_date", "created_at", "updated_at") VALUES (?, ?, ?, ?, ?, ?)[0m  [["tipo", "Desenho"], ["descrição", "Filme com animação"], ["premiação", "Oscar 2005"], ["release_date", "1990-11-25 00:00:00"], ["created_at", "2018-09-13 01:47:11.040166"], ["updated_at", "2018-09-13 01:47:11.040166"]]
  [1m[35m (53.4ms)[0m  [1m[36mcommit transaction[0m
Started GET "/movies" for 127.0.0.1 at 2018-09-12 22:47:25 -0300
  [1m[36mActiveRecord::SchemaMigration Load (0.2ms)[0m  [1m[34mSELECT "schema_migrations".* FROM "schema_migrations"[0m
Processing by MoviesController#index as HTML
  Rendering movies/index.html.haml within layouts/application
  [1m[36mMovie Load (0.2ms)[0m  [1m[34mSELECT "movies".* FROM "movies"[0m
  Rendered movies/index.html.haml within layouts/application (15.1ms)
Completed 200 OK in 468ms (Views: 453.5ms | ActiveRecord: 0.8ms)


Started GET "/movies:sort_bt=%3E%22title%22" for 127.0.0.1 at 2018-09-12 22:49:25 -0300
  
ActionController::RoutingError (No route matches [GET] "/movies:sort_bt=%3E%22title%22"):
  
actionpack (5.0.7) lib/action_dispatch/middleware/debug_exceptions.rb:53:in `call'
web-console (3.5.1) lib/web_console/middleware.rb:135:in `call_app'
web-console (3.5.1) lib/web_console/middleware.rb:28:in `block in call'
web-console (3.5.1) lib/web_console/middleware.rb:18:in `catch'
web-console (3.5.1) lib/web_console/middleware.rb:18:in `call'
actionpack (5.0.7) lib/action_dispatch/middleware/show_exceptions.rb:31:in `call'
railties (5.0.7) lib/rails/rack/logger.rb:36:in `call_app'
railties (5.0.7) lib/rails/rack/logger.rb:24:in `block in call'
activesupport (5.0.7) lib/active_support/tagged_logging.rb:69:in `block in tagged'
activesupport (5.0.7) lib/active_support/tagged_logging.rb:26:in `tagged'
activesupport (5.0.7) lib/active_support/tagged_logging.rb:69:in `tagged'
railties (5.0.7) lib/rails/rack/logger.rb:24:in `call'
sprockets-rails (3.2.1) lib/sprockets/rails/quiet_assets.rb:13:in `call'
actionpack (5.0.7) lib/action_dispatch/middleware/request_id.rb:24:in `call'
rack (2.0.4) lib/rack/method_override.rb:22:in `call'
rack (2.0.4) lib/rack/runtime.rb:22:in `call'
activesupport (5.0.7) lib/active_support/cache/strategy/local_cache_middleware.rb:28:in `call'
actionpack (5.0.7) lib/action_dispatch/middleware/executor.rb:12:in `call'
actionpack (5.0.7) lib/action_dispatch/middleware/static.rb:136:in `call'
rack (2.0.4) lib/rack/sendfile.rb:111:in `call'
railties (5.0.7) lib/rails/engine.rb:522:in `call'
puma (3.11.3) lib/puma/configuration.rb:225:in `call'
puma (3.11.3) lib/puma/server.rb:624:in `handle_request'
puma (3.11.3) lib/puma/server.rb:438:in `process_client'
puma (3.11.3) lib/puma/server.rb:302:in `block in run'
puma (3.11.3) lib/puma/thread_pool.rb:120:in `block in spawn_thread'
  Rendering /usr/share/rvm/rubies/ruby-2.5.1/lib/ruby/gems/2.5.0/gems/actionpack-5.0.7/lib/action_dispatch/middleware/templates/rescues/routing_error.html.erb within rescues/layout
  Rendering /usr/share/rvm/rubies/ruby-2.5.1/lib/ruby/gems/2.5.0/gems/actionpack-5.0.7/lib/action_dispatch/middleware/templates/rescues/_trace.html.erb
  Rendered /usr/share/rvm/rubies/ruby-2.5.1/lib/ruby/gems/2.5.0/gems/actionpack-5.0.7/lib/action_dispatch/middleware/templates/rescues/_trace.html.erb (1.7ms)
  Rendered collection of /usr/share/rvm/rubies/ruby-2.5.1/lib/ruby/gems/2.5.0/gems/actionpack-5.0.7/lib/action_dispatch/middleware/templates/routes/_route.html.erb [9 times] (5.7ms)
  Rendered /usr/share/rvm/rubies/ruby-2.5.1/lib/ruby/gems/2.5.0/gems/actionpack-5.0.7/lib/action_dispatch/middleware/templates/routes/_table.html.erb (8.0ms)
  Rendering /usr/share/rvm/rubies/ruby-2.5.1/lib/ruby/gems/2.5.0/gems/actionpack-5.0.7/lib/action_dispatch/middleware/templates/rescues/_request_and_response.html.erb
  Rendered /usr/share/rvm/rubies/ruby-2.5.1/lib/ruby/gems/2.5.0/gems/actionpack-5.0.7/lib/action_dispatch/middleware/templates/rescues/_request_and_response.html.erb (1.1ms)
  Rendered /usr/share/rvm/rubies/ruby-2.5.1/lib/ruby/gems/2.5.0/gems/actionpack-5.0.7/lib/action_dispatch/middleware/templates/rescues/routing_error.html.erb within rescues/layout (46.4ms)
Started GET "/movies/1" for 127.0.0.1 at 2018-09-12 22:51:20 -0300
Processing by MoviesController#show as HTML
  Parameters: {"id"=>"1"}
  [1m[36mMovie Load (0.8ms)[0m  [1m[34mSELECT  "movies".* FROM "movies" WHERE "movies"."id" = ? LIMIT ?[0m  [["id", 1], ["LIMIT", 1]]
  Rendering movies/show.html.haml within layouts/application
  Rendered movies/show.html.haml within layouts/application (5.8ms)
Completed 200 OK in 56ms (Views: 47.8ms | ActiveRecord: 0.8ms)


Started GET "/movies" for 127.0.0.1 at 2018-09-12 23:31:30 -0300
Processing by MoviesController#index as HTML
  Rendering movies/index.html.haml within layouts/application
  [1m[36mMovie Load (0.3ms)[0m  [1m[34mSELECT "movies".* FROM "movies" WHERE "movies"."rating" IN ('G', 'PG', 'PG-13', 'NC-17', 'R')[0m
  Rendered movies/index.html.haml within layouts/application (23.2ms)
Completed 200 OK in 65ms (Views: 57.2ms | ActiveRecord: 1.6ms)


Started GET "/movies?sort_by=title" for 127.0.0.1 at 2018-09-12 23:31:33 -0300
Processing by MoviesController#index as HTML
  Parameters: {"sort_by"=>"title"}
  Rendering movies/index.html.haml within layouts/application
  [1m[36mMovie Load (0.6ms)[0m  [1m[34mSELECT "movies".* FROM "movies" WHERE "movies"."rating" IN ('G', 'PG', 'PG-13', 'NC-17', 'R') ORDER BY title[0m
  Rendered movies/index.html.haml within layouts/application (9.1ms)
Completed 200 OK in 41ms (Views: 38.3ms | ActiveRecord: 0.6ms)


Started GET "/movies?sort_by=rating" for 127.0.0.1 at 2018-09-12 23:31:35 -0300
Processing by MoviesController#index as HTML
  Parameters: {"sort_by"=>"rating"}
  Rendering movies/index.html.haml within layouts/application
  [1m[36mMovie Load (0.4ms)[0m  [1m[34mSELECT "movies".* FROM "movies" WHERE "movies"."rating" IN ('G', 'PG', 'PG-13', 'NC-17', 'R') ORDER BY rating[0m
  Rendered movies/index.html.haml within layouts/application (8.8ms)
Completed 200 OK in 43ms (Views: 40.4ms | ActiveRecord: 0.4ms)


Started GET "/movies?sort_by=title" for 127.0.0.1 at 2018-09-12 23:31:37 -0300
Processing by MoviesController#index as HTML
  Parameters: {"sort_by"=>"title"}
  Rendering movies/index.html.haml within layouts/application
  [1m[36mMovie Load (0.5ms)[0m  [1m[34mSELECT "movies".* FROM "movies" WHERE "movies"."rating" IN ('G', 'PG', 'PG-13', 'NC-17', 'R') ORDER BY title[0m
  Rendered movies/index.html.haml within layouts/application (15.2ms)
Completed 200 OK in 43ms (Views: 38.2ms | ActiveRecord: 0.5ms)


Started GET "/movies?sort_by=rating" for 127.0.0.1 at 2018-09-12 23:31:38 -0300
Processing by MoviesController#index as HTML
  Parameters: {"sort_by"=>"rating"}
  Rendering movies/index.html.haml within layouts/application
  [1m[36mMovie Load (0.5ms)[0m  [1m[34mSELECT "movies".* FROM "movies" WHERE "movies"."rating" IN ('G', 'PG', 'PG-13', 'NC-17', 'R') ORDER BY rating[0m
  Rendered movies/index.html.haml within layouts/application (9.2ms)
Completed 200 OK in 39ms (Views: 37.3ms | ActiveRecord: 0.5ms)


Started GET "/movies?sort_by=rating" for 127.0.0.1 at 2018-09-12 23:34:04 -0300
Processing by MoviesController#index as HTML
  Parameters: {"sort_by"=>"rating"}
  Rendering movies/index.html.haml within layouts/application
  [1m[36mMovie Load (0.7ms)[0m  [1m[34mSELECT "movies".* FROM "movies" WHERE "movies"."rating" IN ('G', 'PG', 'PG-13', 'NC-17', 'R') ORDER BY rating[0m
  Rendered movies/index.html.haml within layouts/application (9.5ms)
Completed 200 OK in 35ms (Views: 32.3ms | ActiveRecord: 0.7ms)


Started GET "/movies?sort_by=rating" for 127.0.0.1 at 2018-09-12 23:34:06 -0300
Processing by MoviesController#index as HTML
  Parameters: {"sort_by"=>"rating"}
  Rendering movies/index.html.haml within layouts/application
  [1m[36mMovie Load (0.5ms)[0m  [1m[34mSELECT "movies".* FROM "movies" WHERE "movies"."rating" IN ('G', 'PG', 'PG-13', 'NC-17', 'R') ORDER BY rating[0m
  Rendered movies/index.html.haml within layouts/application (10.6ms)
Completed 200 OK in 38ms (Views: 35.2ms | ActiveRecord: 0.5ms)


Started GET "/movies?sort_by=rating" for 127.0.0.1 at 2018-09-12 23:34:07 -0300
Processing by MoviesController#index as HTML
  Parameters: {"sort_by"=>"rating"}
  Rendering movies/index.html.haml within layouts/application
  [1m[36mMovie Load (0.3ms)[0m  [1m[34mSELECT "movies".* FROM "movies" WHERE "movies"."rating" IN ('G', 'PG', 'PG-13', 'NC-17', 'R') ORDER BY rating[0m
  Rendered movies/index.html.haml within layouts/application (6.6ms)
Completed 200 OK in 39ms (Views: 36.2ms | ActiveRecord: 0.3ms)


Started GET "/" for 127.0.0.1 at 2018-09-12 23:34:13 -0300
Started GET "/movies" for 127.0.0.1 at 2018-09-12 23:34:13 -0300
Processing by MoviesController#index as HTML
  Rendering movies/index.html.haml within layouts/application
  [1m[36mMovie Load (0.7ms)[0m  [1m[34mSELECT "movies".* FROM "movies" WHERE "movies"."rating" IN ('G', 'PG', 'PG-13', 'NC-17', 'R')[0m
  Rendered movies/index.html.haml within layouts/application (9.3ms)
Completed 200 OK in 31ms (Views: 29.0ms | ActiveRecord: 0.7ms)


Started GET "/movies?sort_by=rating" for 127.0.0.1 at 2018-09-12 23:34:17 -0300
Processing by MoviesController#index as HTML
  Parameters: {"sort_by"=>"rating"}
  Rendering movies/index.html.haml within layouts/application
  [1m[36mMovie Load (0.4ms)[0m  [1m[34mSELECT "movies".* FROM "movies" WHERE "movies"."rating" IN ('G', 'PG', 'PG-13', 'NC-17', 'R') ORDER BY rating[0m
  Rendered movies/index.html.haml within layouts/application (9.0ms)
Completed 200 OK in 38ms (Views: 36.4ms | ActiveRecord: 0.4ms)


Started GET "/" for 127.0.0.1 at 2018-09-12 23:34:23 -0300
Started GET "/movies" for 127.0.0.1 at 2018-09-12 23:34:23 -0300
Processing by MoviesController#index as HTML
  Rendering movies/index.html.haml within layouts/application
  [1m[36mMovie Load (0.3ms)[0m  [1m[34mSELECT "movies".* FROM "movies" WHERE "movies"."rating" IN ('G', 'PG', 'PG-13', 'NC-17', 'R')[0m
  Rendered movies/index.html.haml within layouts/application (6.8ms)
Completed 200 OK in 38ms (Views: 36.4ms | ActiveRecord: 0.3ms)


Started GET "/movies?sort_by=title" for 127.0.0.1 at 2018-09-12 23:34:30 -0300
Processing by MoviesController#index as HTML
  Parameters: {"sort_by"=>"title"}
  Rendering movies/index.html.haml within layouts/application
  [1m[36mMovie Load (0.5ms)[0m  [1m[34mSELECT "movies".* FROM "movies" WHERE "movies"."rating" IN ('G', 'PG', 'PG-13', 'NC-17', 'R') ORDER BY title[0m
  Rendered movies/index.html.haml within layouts/application (11.6ms)
Completed 200 OK in 42ms (Views: 38.7ms | ActiveRecord: 0.5ms)


Started GET "/movies?sort_by=title" for 127.0.0.1 at 2018-09-12 23:47:42 -0300
Processing by MoviesController#index as HTML
  Parameters: {"sort_by"=>"title"}
  Rendering movies/index.html.haml within layouts/application
  [1m[36mMovie Load (5.7ms)[0m  [1m[34mSELECT "movies".* FROM "movies" WHERE "movies"."rating" IN ('G', 'PG', 'PG-13', 'NC-17', 'R') ORDER BY title[0m
  Rendered movies/index.html.haml within layouts/application (15.6ms)
Completed 200 OK in 37ms (Views: 29.0ms | ActiveRecord: 5.7ms)


Started GET "/movies?utf8=%E2%9C%93&ratings%5BG%5D=1&commit=Refresh" for 127.0.0.1 at 2018-09-12 23:47:46 -0300
Processing by MoviesController#index as HTML
  Parameters: {"utf8"=>"✓", "ratings"=>{"G"=>"1"}, "commit"=>"Refresh"}
  Rendering movies/index.html.haml within layouts/application
  [1m[36mMovie Load (0.4ms)[0m  [1m[34mSELECT "movies".* FROM "movies" WHERE "movies"."rating" = 'G' ORDER BY title[0m
  Rendered movies/index.html.haml within layouts/application (10.5ms)
Completed 200 OK in 37ms (Views: 34.8ms | ActiveRecord: 0.4ms)


Started GET "/movies?utf8=%E2%9C%93&ratings%5BPG%5D=1&commit=Refresh" for 127.0.0.1 at 2018-09-12 23:47:48 -0300
Processing by MoviesController#index as HTML
  Parameters: {"utf8"=>"✓", "ratings"=>{"PG"=>"1"}, "commit"=>"Refresh"}
  Rendering movies/index.html.haml within layouts/application
  [1m[36mMovie Load (0.3ms)[0m  [1m[34mSELECT "movies".* FROM "movies" WHERE "movies"."rating" = 'PG' ORDER BY title[0m
  Rendered movies/index.html.haml within layouts/application (5.3ms)
Completed 200 OK in 31ms (Views: 26.3ms | ActiveRecord: 0.3ms)


Started GET "/movies?utf8=%E2%9C%93&ratings%5BPG-13%5D=1&commit=Refresh" for 127.0.0.1 at 2018-09-12 23:47:50 -0300
Processing by MoviesController#index as HTML
  Parameters: {"utf8"=>"✓", "ratings"=>{"PG-13"=>"1"}, "commit"=>"Refresh"}
  Rendering movies/index.html.haml within layouts/application
  [1m[36mMovie Load (0.2ms)[0m  [1m[34mSELECT "movies".* FROM "movies" WHERE "movies"."rating" = 'PG-13' ORDER BY title[0m
  Rendered movies/index.html.haml within layouts/application (10.1ms)
Completed 200 OK in 31ms (Views: 28.3ms | ActiveRecord: 0.2ms)


Started GET "/movies?utf8=%E2%9C%93&ratings%5BNC-17%5D=1&commit=Refresh" for 127.0.0.1 at 2018-09-12 23:47:51 -0300
Processing by MoviesController#index as HTML
  Parameters: {"utf8"=>"✓", "ratings"=>{"NC-17"=>"1"}, "commit"=>"Refresh"}
  Rendering movies/index.html.haml within layouts/application
  [1m[36mMovie Load (0.3ms)[0m  [1m[34mSELECT "movies".* FROM "movies" WHERE "movies"."rating" = 'NC-17' ORDER BY title[0m
  Rendered movies/index.html.haml within layouts/application (8.7ms)
Completed 200 OK in 33ms (Views: 30.3ms | ActiveRecord: 0.3ms)


Started GET "/movies?utf8=%E2%9C%93&ratings%5BR%5D=1&commit=Refresh" for 127.0.0.1 at 2018-09-12 23:47:53 -0300
Processing by MoviesController#index as HTML
  Parameters: {"utf8"=>"✓", "ratings"=>{"R"=>"1"}, "commit"=>"Refresh"}
  Rendering movies/index.html.haml within layouts/application
  [1m[36mMovie Load (0.3ms)[0m  [1m[34mSELECT "movies".* FROM "movies" WHERE "movies"."rating" = 'R' ORDER BY title[0m
  Rendered movies/index.html.haml within layouts/application (7.4ms)
Completed 200 OK in 35ms (Views: 33.0ms | ActiveRecord: 0.3ms)


Started GET "/movies?utf8=%E2%9C%93&commit=Refresh" for 127.0.0.1 at 2018-09-12 23:48:50 -0300
Processing by MoviesController#index as HTML
  Parameters: {"utf8"=>"✓", "commit"=>"Refresh"}
  Rendering movies/index.html.haml within layouts/application
  [1m[36mMovie Load (0.5ms)[0m  [1m[34mSELECT "movies".* FROM "movies" WHERE "movies"."rating" IN ('G', 'PG', 'PG-13', 'NC-17', 'R')[0m
  Rendered movies/index.html.haml within layouts/application (10.7ms)
Completed 200 OK in 41ms (Views: 38.8ms | ActiveRecord: 0.5ms)


Started GET "/movies?sort_by=title" for 127.0.0.1 at 2018-09-12 23:48:52 -0300
Processing by MoviesController#index as HTML
  Parameters: {"sort_by"=>"title"}
  Rendering movies/index.html.haml within layouts/application
  [1m[36mMovie Load (2.0ms)[0m  [1m[34mSELECT "movies".* FROM "movies" WHERE "movies"."rating" IN ('G', 'PG', 'PG-13', 'NC-17', 'R') ORDER BY title[0m
  Rendered movies/index.html.haml within layouts/application (16.9ms)
Completed 200 OK in 41ms (Views: 37.1ms | ActiveRecord: 2.0ms)


Started GET "/movies?sort_by=rating" for 127.0.0.1 at 2018-09-12 23:48:53 -0300
Processing by MoviesController#index as HTML
  Parameters: {"sort_by"=>"rating"}
  Rendering movies/index.html.haml within layouts/application
  [1m[36mMovie Load (0.4ms)[0m  [1m[34mSELECT "movies".* FROM "movies" WHERE "movies"."rating" IN ('G', 'PG', 'PG-13', 'NC-17', 'R') ORDER BY rating[0m
  Rendered movies/index.html.haml within layouts/application (7.5ms)
Completed 200 OK in 33ms (Views: 31.5ms | ActiveRecord: 0.4ms)


Started GET "/movies?sort_by=rating" for 127.0.0.1 at 2018-09-12 23:49:42 -0300
Processing by MoviesController#index as HTML
  Parameters: {"sort_by"=>"rating"}
  Rendering movies/index.html.haml within layouts/application
  [1m[36mMovie Load (0.4ms)[0m  [1m[34mSELECT "movies".* FROM "movies" WHERE "movies"."rating" IN ('G', 'PG', 'PG-13', 'NC-17', 'R') ORDER BY rating[0m
  Rendered movies/index.html.haml within layouts/application (9.3ms)
Completed 200 OK in 34ms (Views: 32.0ms | ActiveRecord: 0.4ms)


Started GET "/movies?utf8=%E2%9C%93&ratings%5BG%5D=1&ratings%5BPG%5D=1&ratings%5BPG-13%5D=1&ratings%5BNC-17%5D=1&ratings%5BR%5D=1&commit=Refresh" for 127.0.0.1 at 2018-09-12 23:49:48 -0300
Processing by MoviesController#index as HTML
  Parameters: {"utf8"=>"✓", "ratings"=>{"G"=>"1", "PG"=>"1", "PG-13"=>"1", "NC-17"=>"1", "R"=>"1"}, "commit"=>"Refresh"}
  Rendering movies/index.html.haml within layouts/application
  [1m[36mMovie Load (0.4ms)[0m  [1m[34mSELECT "movies".* FROM "movies" WHERE "movies"."rating" IN ('G', 'PG', 'PG-13', 'NC-17', 'R') ORDER BY rating[0m
  Rendered movies/index.html.haml within layouts/application (12.4ms)
Completed 200 OK in 37ms (Views: 32.7ms | ActiveRecord: 0.4ms)


Started GET "/movies?utf8=%E2%9C%93&ratings%5BG%5D=1&ratings%5BPG%5D=1&ratings%5BPG-13%5D=1&ratings%5BNC-17%5D=1&ratings%5BR%5D=1&commit=Refresh" for 127.0.0.1 at 2018-09-12 23:55:26 -0300
Processing by MoviesController#index as HTML
  Parameters: {"utf8"=>"✓", "ratings"=>{"G"=>"1", "PG"=>"1", "PG-13"=>"1", "NC-17"=>"1", "R"=>"1"}, "commit"=>"Refresh"}
  Rendering movies/index.html.haml within layouts/application
  [1m[36mMovie Load (0.3ms)[0m  [1m[34mSELECT "movies".* FROM "movies" WHERE "movies"."rating" IN ('G', 'PG', 'PG-13', 'NC-17', 'R') ORDER BY rating[0m
  Rendered movies/index.html.haml within layouts/application (154.7ms)
Completed 500 Internal Server Error in 161ms (ActiveRecord: 1.5ms)


  
ActionView::Template::Error (undefined method `hiden_field_tag' for #<#<Class:0x0000000003424250>:0x0000000002d1a798>
Did you mean?  hidden_field_tag
               time_field_tag
               phone_field_tag):
    2: %h1 All Movies
    3: 
    4: = form_tag movies_path, :method => :get, id: "ratings_form" do
    5:   =hiden_field_tag "sorting", @last_sort_by
    6:   Include: 
    7:   - @all_ratings.each do |rating|
    8:     = rating
  
app/views/movies/index.html.haml:5:in `block in _app_views_movies_index_html_haml___837963943548684376_27186620'
app/views/movies/index.html.haml:4:in `_app_views_movies_index_html_haml___837963943548684376_27186620'
  Rendering /usr/share/rvm/rubies/ruby-2.5.1/lib/ruby/gems/2.5.0/gems/actionpack-5.0.7/lib/action_dispatch/middleware/templates/rescues/template_error.html.erb within rescues/layout
  Rendering /usr/share/rvm/rubies/ruby-2.5.1/lib/ruby/gems/2.5.0/gems/actionpack-5.0.7/lib/action_dispatch/middleware/templates/rescues/_source.html.erb
  Rendered /usr/share/rvm/rubies/ruby-2.5.1/lib/ruby/gems/2.5.0/gems/actionpack-5.0.7/lib/action_dispatch/middleware/templates/rescues/_source.html.erb (6.4ms)
  Rendering /usr/share/rvm/rubies/ruby-2.5.1/lib/ruby/gems/2.5.0/gems/actionpack-5.0.7/lib/action_dispatch/middleware/templates/rescues/_trace.html.erb
  Rendered /usr/share/rvm/rubies/ruby-2.5.1/lib/ruby/gems/2.5.0/gems/actionpack-5.0.7/lib/action_dispatch/middleware/templates/rescues/_trace.html.erb (4.4ms)
  Rendering /usr/share/rvm/rubies/ruby-2.5.1/lib/ruby/gems/2.5.0/gems/actionpack-5.0.7/lib/action_dispatch/middleware/templates/rescues/_request_and_response.html.erb
  Rendered /usr/share/rvm/rubies/ruby-2.5.1/lib/ruby/gems/2.5.0/gems/actionpack-5.0.7/lib/action_dispatch/middleware/templates/rescues/_request_and_response.html.erb (1.5ms)
  Rendered /usr/share/rvm/rubies/ruby-2.5.1/lib/ruby/gems/2.5.0/gems/actionpack-5.0.7/lib/action_dispatch/middleware/templates/rescues/template_error.html.erb within rescues/layout (42.9ms)
Started GET "/movies?utf8=%E2%9C%93&ratings%5BG%5D=1&ratings%5BPG%5D=1&ratings%5BPG-13%5D=1&ratings%5BNC-17%5D=1&ratings%5BR%5D=1&commit=Refresh" for 127.0.0.1 at 2018-09-12 23:56:17 -0300
Processing by MoviesController#index as HTML
  Parameters: {"utf8"=>"✓", "ratings"=>{"G"=>"1", "PG"=>"1", "PG-13"=>"1", "NC-17"=>"1", "R"=>"1"}, "commit"=>"Refresh"}
  Rendering movies/index.html.haml within layouts/application
  [1m[36mMovie Load (0.3ms)[0m  [1m[34mSELECT "movies".* FROM "movies" WHERE "movies"."rating" IN ('G', 'PG', 'PG-13', 'NC-17', 'R') ORDER BY rating[0m
  Rendered movies/index.html.haml within layouts/application (8.5ms)
Completed 200 OK in 35ms (Views: 32.9ms | ActiveRecord: 0.3ms)


Started GET "/movies?utf8=%E2%9C%93&ratings%5BG%5D=1&ratings%5BPG%5D=1&ratings%5BPG-13%5D=1&ratings%5BNC-17%5D=1&ratings%5BR%5D=1&commit=Refresh" for 127.0.0.1 at 2018-09-12 23:56:19 -0300
Processing by MoviesController#index as HTML
  Parameters: {"utf8"=>"✓", "ratings"=>{"G"=>"1", "PG"=>"1", "PG-13"=>"1", "NC-17"=>"1", "R"=>"1"}, "commit"=>"Refresh"}
  Rendering movies/index.html.haml within layouts/application
  [1m[36mMovie Load (0.4ms)[0m  [1m[34mSELECT "movies".* FROM "movies" WHERE "movies"."rating" IN ('G', 'PG', 'PG-13', 'NC-17', 'R') ORDER BY rating[0m
  Rendered movies/index.html.haml within layouts/application (16.0ms)
Completed 200 OK in 40ms (Views: 37.2ms | ActiveRecord: 0.4ms)


Started GET "/movies?sort_by=title" for 127.0.0.1 at 2018-09-12 23:56:31 -0300
Processing by MoviesController#index as HTML
  Parameters: {"sort_by"=>"title"}
  Rendering movies/index.html.haml within layouts/application
  [1m[36mMovie Load (0.3ms)[0m  [1m[34mSELECT "movies".* FROM "movies" WHERE "movies"."rating" IN ('G', 'PG', 'PG-13', 'NC-17', 'R') ORDER BY title[0m
  Rendered movies/index.html.haml within layouts/application (9.7ms)
Completed 200 OK in 33ms (Views: 31.7ms | ActiveRecord: 0.3ms)


Started GET "/movies?sort_by=title" for 127.0.0.1 at 2018-09-12 23:56:31 -0300
Processing by MoviesController#index as HTML
  Parameters: {"sort_by"=>"title"}
  Rendering movies/index.html.haml within layouts/application
  [1m[36mMovie Load (0.5ms)[0m  [1m[34mSELECT "movies".* FROM "movies" WHERE "movies"."rating" IN ('G', 'PG', 'PG-13', 'NC-17', 'R') ORDER BY title[0m
  Rendered movies/index.html.haml within layouts/application (9.0ms)
Completed 200 OK in 32ms (Views: 29.9ms | ActiveRecord: 0.5ms)


Started GET "/movies?sort_by=rating" for 127.0.0.1 at 2018-09-12 23:56:32 -0300
Processing by MoviesController#index as HTML
  Parameters: {"sort_by"=>"rating"}
  Rendering movies/index.html.haml within layouts/application
  [1m[36mMovie Load (0.5ms)[0m  [1m[34mSELECT "movies".* FROM "movies" WHERE "movies"."rating" IN ('G', 'PG', 'PG-13', 'NC-17', 'R') ORDER BY rating[0m
  Rendered movies/index.html.haml within layouts/application (13.0ms)
Completed 200 OK in 45ms (Views: 42.0ms | ActiveRecord: 0.5ms)


Started GET "/movies?sort_by=rating" for 127.0.0.1 at 2018-09-12 23:56:34 -0300
Processing by MoviesController#index as HTML
  Parameters: {"sort_by"=>"rating"}
  Rendering movies/index.html.haml within layouts/application
  [1m[36mMovie Load (0.3ms)[0m  [1m[34mSELECT "movies".* FROM "movies" WHERE "movies"."rating" IN ('G', 'PG', 'PG-13', 'NC-17', 'R') ORDER BY rating[0m
  Rendered movies/index.html.haml within layouts/application (15.0ms)
Completed 200 OK in 50ms (Views: 47.1ms | ActiveRecord: 0.3ms)


Started GET "/movies?sort_by=rating" for 127.0.0.1 at 2018-09-12 23:56:35 -0300
Processing by MoviesController#index as HTML
  Parameters: {"sort_by"=>"rating"}
  Rendering movies/index.html.haml within layouts/application
  [1m[36mMovie Load (0.4ms)[0m  [1m[34mSELECT "movies".* FROM "movies" WHERE "movies"."rating" IN ('G', 'PG', 'PG-13', 'NC-17', 'R') ORDER BY rating[0m
  Rendered movies/index.html.haml within layouts/application (21.2ms)
Completed 200 OK in 49ms (Views: 45.9ms | ActiveRecord: 0.4ms)


Started GET "/movies?sort_by=title" for 127.0.0.1 at 2018-09-12 23:56:37 -0300
Processing by MoviesController#index as HTML
  Parameters: {"sort_by"=>"title"}
  Rendering movies/index.html.haml within layouts/application
  [1m[36mMovie Load (0.4ms)[0m  [1m[34mSELECT "movies".* FROM "movies" WHERE "movies"."rating" IN ('G', 'PG', 'PG-13', 'NC-17', 'R') ORDER BY title[0m
  Rendered movies/index.html.haml within layouts/application (13.6ms)
Completed 200 OK in 42ms (Views: 39.2ms | ActiveRecord: 0.4ms)


Started GET "/movies?sort_by=rating" for 127.0.0.1 at 2018-09-12 23:56:38 -0300
Processing by MoviesController#index as HTML
  Parameters: {"sort_by"=>"rating"}
  Rendering movies/index.html.haml within layouts/application
  [1m[36mMovie Load (0.8ms)[0m  [1m[34mSELECT "movies".* FROM "movies" WHERE "movies"."rating" IN ('G', 'PG', 'PG-13', 'NC-17', 'R') ORDER BY rating[0m
  Rendered movies/index.html.haml within layouts/application (25.1ms)
Completed 200 OK in 60ms (Views: 57.3ms | ActiveRecord: 0.8ms)


Started GET "/movies?utf8=%E2%9C%93&ratings%5BPG%5D=1&ratings%5BPG-13%5D=1&ratings%5BNC-17%5D=1&ratings%5BR%5D=1&commit=Refresh" for 127.0.0.1 at 2018-09-12 23:56:40 -0300
Processing by MoviesController#index as HTML
  Parameters: {"utf8"=>"✓", "ratings"=>{"PG"=>"1", "PG-13"=>"1", "NC-17"=>"1", "R"=>"1"}, "commit"=>"Refresh"}
  Rendering movies/index.html.haml within layouts/application
  [1m[36mMovie Load (0.3ms)[0m  [1m[34mSELECT "movies".* FROM "movies" WHERE "movies"."rating" IN ('PG', 'PG-13', 'NC-17', 'R') ORDER BY rating[0m
  Rendered movies/index.html.haml within layouts/application (13.5ms)
Completed 200 OK in 40ms (Views: 37.9ms | ActiveRecord: 0.3ms)


Started GET "/movies?utf8=%E2%9C%93&ratings%5BPG-13%5D=1&ratings%5BNC-17%5D=1&ratings%5BR%5D=1&commit=Refresh" for 127.0.0.1 at 2018-09-12 23:56:41 -0300
Processing by MoviesController#index as HTML
  Parameters: {"utf8"=>"✓", "ratings"=>{"PG-13"=>"1", "NC-17"=>"1", "R"=>"1"}, "commit"=>"Refresh"}
  Rendering movies/index.html.haml within layouts/application
  [1m[36mMovie Load (0.4ms)[0m  [1m[34mSELECT "movies".* FROM "movies" WHERE "movies"."rating" IN ('PG-13', 'NC-17', 'R') ORDER BY rating[0m
  Rendered movies/index.html.haml within layouts/application (13.1ms)
Completed 200 OK in 61ms (Views: 57.3ms | ActiveRecord: 0.4ms)


Started GET "/movies?utf8=%E2%9C%93&ratings%5BNC-17%5D=1&ratings%5BR%5D=1&commit=Refresh" for 127.0.0.1 at 2018-09-12 23:56:42 -0300
Processing by MoviesController#index as HTML
  Parameters: {"utf8"=>"✓", "ratings"=>{"NC-17"=>"1", "R"=>"1"}, "commit"=>"Refresh"}
  Rendering movies/index.html.haml within layouts/application
  [1m[36mMovie Load (0.4ms)[0m  [1m[34mSELECT "movies".* FROM "movies" WHERE "movies"."rating" IN ('NC-17', 'R') ORDER BY rating[0m
  Rendered movies/index.html.haml within layouts/application (10.1ms)
Completed 200 OK in 31ms (Views: 29.2ms | ActiveRecord: 0.4ms)


Started GET "/movies?utf8=%E2%9C%93&ratings%5BR%5D=1&commit=Refresh" for 127.0.0.1 at 2018-09-12 23:56:44 -0300
Processing by MoviesController#index as HTML
  Parameters: {"utf8"=>"✓", "ratings"=>{"R"=>"1"}, "commit"=>"Refresh"}
  Rendering movies/index.html.haml within layouts/application
  [1m[36mMovie Load (0.3ms)[0m  [1m[34mSELECT "movies".* FROM "movies" WHERE "movies"."rating" = 'R' ORDER BY rating[0m
  Rendered movies/index.html.haml within layouts/application (8.2ms)
Completed 200 OK in 31ms (Views: 28.6ms | ActiveRecord: 0.3ms)


Started GET "/movies?utf8=%E2%9C%93&commit=Refresh" for 127.0.0.1 at 2018-09-12 23:56:45 -0300
Processing by MoviesController#index as HTML
  Parameters: {"utf8"=>"✓", "commit"=>"Refresh"}
  Rendering movies/index.html.haml within layouts/application
  [1m[36mMovie Load (0.3ms)[0m  [1m[34mSELECT "movies".* FROM "movies" WHERE "movies"."rating" IN ('G', 'PG', 'PG-13', 'NC-17', 'R')[0m
  Rendered movies/index.html.haml within layouts/application (10.0ms)
Completed 200 OK in 35ms (Views: 32.4ms | ActiveRecord: 0.3ms)


Started GET "/movies?utf8=%E2%9C%93&ratings%5BG%5D=1&commit=Refresh" for 127.0.0.1 at 2018-09-12 23:56:51 -0300
Processing by MoviesController#index as HTML
  Parameters: {"utf8"=>"✓", "ratings"=>{"G"=>"1"}, "commit"=>"Refresh"}
  Rendering movies/index.html.haml within layouts/application
  [1m[36mMovie Load (0.3ms)[0m  [1m[34mSELECT "movies".* FROM "movies" WHERE "movies"."rating" = 'G'[0m
  Rendered movies/index.html.haml within layouts/application (7.6ms)
Completed 200 OK in 27ms (Views: 24.7ms | ActiveRecord: 0.3ms)


Started GET "/movies?utf8=%E2%9C%93&ratings%5BPG%5D=1&commit=Refresh" for 127.0.0.1 at 2018-09-12 23:56:53 -0300
Processing by MoviesController#index as HTML
  Parameters: {"utf8"=>"✓", "ratings"=>{"PG"=>"1"}, "commit"=>"Refresh"}
  Rendering movies/index.html.haml within layouts/application
  [1m[36mMovie Load (0.3ms)[0m  [1m[34mSELECT "movies".* FROM "movies" WHERE "movies"."rating" = 'PG'[0m
  Rendered movies/index.html.haml within layouts/application (6.9ms)
Completed 200 OK in 33ms (Views: 30.1ms | ActiveRecord: 0.3ms)


Started GET "/movies?utf8=%E2%9C%93&ratings%5BPG-13%5D=1&commit=Refresh" for 127.0.0.1 at 2018-09-12 23:56:56 -0300
Processing by MoviesController#index as HTML
  Parameters: {"utf8"=>"✓", "ratings"=>{"PG-13"=>"1"}, "commit"=>"Refresh"}
  Rendering movies/index.html.haml within layouts/application
  [1m[36mMovie Load (0.2ms)[0m  [1m[34mSELECT "movies".* FROM "movies" WHERE "movies"."rating" = 'PG-13'[0m
  Rendered movies/index.html.haml within layouts/application (8.5ms)
Completed 200 OK in 34ms (Views: 31.2ms | ActiveRecord: 0.2ms)


Started GET "/movies?utf8=%E2%9C%93&ratings%5BNC-17%5D=1&commit=Refresh" for 127.0.0.1 at 2018-09-12 23:56:58 -0300
Processing by MoviesController#index as HTML
  Parameters: {"utf8"=>"✓", "ratings"=>{"NC-17"=>"1"}, "commit"=>"Refresh"}
  Rendering movies/index.html.haml within layouts/application
  [1m[36mMovie Load (0.2ms)[0m  [1m[34mSELECT "movies".* FROM "movies" WHERE "movies"."rating" = 'NC-17'[0m
  Rendered movies/index.html.haml within layouts/application (7.4ms)
Completed 200 OK in 31ms (Views: 29.3ms | ActiveRecord: 0.2ms)


Started GET "/movies?utf8=%E2%9C%93&ratings%5BR%5D=1&commit=Refresh" for 127.0.0.1 at 2018-09-12 23:57:02 -0300
Processing by MoviesController#index as HTML
  Parameters: {"utf8"=>"✓", "ratings"=>{"R"=>"1"}, "commit"=>"Refresh"}
  Rendering movies/index.html.haml within layouts/application
  [1m[36mMovie Load (0.3ms)[0m  [1m[34mSELECT "movies".* FROM "movies" WHERE "movies"."rating" = 'R'[0m
  Rendered movies/index.html.haml within layouts/application (7.9ms)
Completed 200 OK in 38ms (Views: 35.0ms | ActiveRecord: 0.3ms)


Started GET "/movies?utf8=%E2%9C%93&ratings%5BG%5D=1&ratings%5BR%5D=1&commit=Refresh" for 127.0.0.1 at 2018-09-12 23:57:04 -0300
Processing by MoviesController#index as HTML
  Parameters: {"utf8"=>"✓", "ratings"=>{"G"=>"1", "R"=>"1"}, "commit"=>"Refresh"}
  Rendering movies/index.html.haml within layouts/application
  [1m[36mMovie Load (0.3ms)[0m  [1m[34mSELECT "movies".* FROM "movies" WHERE "movies"."rating" IN ('G', 'R')[0m
  Rendered movies/index.html.haml within layouts/application (12.3ms)
Completed 200 OK in 39ms (Views: 37.1ms | ActiveRecord: 0.3ms)


